<?xml version="1.0" encoding="UTF-8" standalone="yes"?><!DOCTYPE report PUBLIC "-//JACOCO//DTD Report 1.0//EN" "report.dtd"><report name="TicTacToe"><sessioninfo id="Priyas-MBP-2-2209987b" start="1450026992854" dump="1450027023736"/><sessioninfo id="Priyas-MBP-2-12b82de1" start="1450027165357" dump="1450027196453"/><sessioninfo id="Priyas-MBP-2-1492c857" start="1450027317309" dump="1450027348231"/><sessioninfo id="Priyas-MBP-2-5250fe9a" start="1450027805009" dump="1450027835905"/><sessioninfo id="Priyas-MBP-2-b36356b9" start="1450027900369" dump="1450027931286"/><sessioninfo id="Priyas-MBP-2-5c3b0ebc" start="1450028285469" dump="1450028316404"/><sessioninfo id="Priyas-MBP-2-41df7037" start="1450028359558" dump="1450028390568"/><sessioninfo id="Priyas-MBP-2-7d43e500" start="1450028438697" dump="1450028469639"/><sessioninfo id="Priyas-MBP-2-b85b9d63" start="1450028597356" dump="1450028628267"/><sessioninfo id="Priyas-MBP-2-2cd229d" start="1450028665794" dump="1450028696801"/><sessioninfo id="Priyas-MBP-2-44d3332c" start="1450029464050" dump="1450029495176"/><sessioninfo id="Priyas-MBP-2-4fea3edd" start="1450029876581" dump="1450029907545"/><sessioninfo id="Priyas-MBP-2-dc0a137f" start="1450029971025" dump="1450030001968"/><sessioninfo id="Priyas-MBP-2-22f7ecb0" start="1450030033189" dump="1450030064155"/><sessioninfo id="Priyas-MBP-2-6a657b0a" start="1450030326676" dump="1450030357653"/><sessioninfo id="Priyas-MBP-2-2d7acd93" start="1450030431704" dump="1450030462685"/><sessioninfo id="Priyas-MBP-2-e915547d" start="1450030494415" dump="1450030525573"/><sessioninfo id="Priyas-MBP-2-cdcb2177" start="1450030570688" dump="1450030601833"/><sessioninfo id="Priyas-MBP-2-677146c4" start="1450032295098" dump="1450032326056"/><sessioninfo id="Priyas-MBP-2-2ed966b3" start="1450032959405" dump="1450032990352"/><sessioninfo id="Priyas-MBP-2-2c7450a4" start="1450033070588" dump="1450033101601"/><sessioninfo id="Priyas-MBP-2-59bb44a9" start="1450033200194" dump="1450033231168"/><sessioninfo id="Priyas-MBP-2-c4d1f194" start="1450033290698" dump="1450033321640"/><sessioninfo id="Priyas-MBP-2-c557997a" start="1450033802755" dump="1450033833751"/><sessioninfo id="Priyas-MBP-2-1d20c511" start="1450035589293" dump="1450035620227"/><sessioninfo id="Priyas-MBP-2-5d08f588" start="1450035723345" dump="1450035754294"/><sessioninfo id="Priyas-MBP-2-22b74be3" start="1450035925110" dump="1450035956041"/><sessioninfo id="Priyas-MBP-2-a04bb2e3" start="1450036032988" dump="1450036063921"/><sessioninfo id="Priyas-MBP-2-fca2b08f" start="1450036550570" dump="1450036581493"/><sessioninfo id="Priyas-MBP-2-512cb28d" start="1450036736020" dump="1450036766946"/><sessioninfo id="Priyas-MBP-2-15bff2f3" start="1450036863811" dump="1450036894773"/><sessioninfo id="Priyas-MBP-2-f448eeaf" start="1450037066071" dump="1450037096994"/><sessioninfo id="Priyas-MBP-2-af9e8562" start="1450037235933" dump="1450037266872"/><sessioninfo id="Priyas-MBP-2-abfc00f9" start="1450037897414" dump="1450037928339"/><sessioninfo id="Priyas-MBP-2-e108ca15" start="1450037967932" dump="1450037998861"/><sessioninfo id="Priyas-MBP-2-44a597f4" start="1450038169455" dump="1450038200383"/><sessioninfo id="Priyas-MBP-2-58f0899b" start="1450038258512" dump="1450038289459"/><sessioninfo id="Priyas-MBP-2-7c2b0025" start="1450038554497" dump="1450038585501"/><sessioninfo id="Priyas-MBP-2-c2120b77" start="1450038754152" dump="1450038785171"/><sessioninfo id="Priyas-MBP-2-b1c76e67" start="1450039060994" dump="1450039091929"/><sessioninfo id="Priyas-MBP-2-fa477b18" start="1450039235659" dump="1450039266603"/><sessioninfo id="Priyas-MBP-2-3b1031bf" start="1450039296701" dump="1450039327630"/><sessioninfo id="Priyas-MBP-2-76419338" start="1450039374531" dump="1450039405472"/><sessioninfo id="Priyas-MBP-2-91c735b" start="1450039507920" dump="1450039538874"/><sessioninfo id="Priyas-MBP-2-2692d99b" start="1450039595545" dump="1450039626501"/><sessioninfo id="Priyas-MacBook-Pro-2.local-cb9307d5" start="1450090016952" dump="1450090018148"/><sessioninfo id="Priyas-MacBook-Pro-2.local-18f93ebb" start="1450090223115" dump="1450090224217"/><sessioninfo id="Priyas-MacBook-Pro-2.local-15ed6935" start="1450090257740" dump="1450090258606"/><sessioninfo id="Priyas-MacBook-Pro-2.local-31e104f4" start="1450090861828" dump="1450090863027"/><sessioninfo id="Priyas-MacBook-Pro-2.local-cb8ea794" start="1450091366662" dump="1450091367795"/><sessioninfo id="Priyas-MacBook-Pro-2.local-e9955bbb" start="1450091569882" dump="1450091571073"/><sessioninfo id="Priyas-MacBook-Pro-2.local-4ad4838a" start="1450091633883" dump="1450091634773"/><sessioninfo id="Priyas-MacBook-Pro-2.local-c23d09e7" start="1450102557844" dump="1450102558937"/><sessioninfo id="Priyas-MacBook-Pro-2.local-ea96308b" start="1450108244805" dump="1450108246010"/><sessioninfo id="Priyas-MacBook-Pro-2.local-93839d9a" start="1450108457886" dump="1450108459086"/><sessioninfo id="Priyas-MacBook-Pro-2.local-5fae2b41" start="1450108495504" dump="1450108496400"/><sessioninfo id="Priyas-MacBook-Pro-2.local-811cb4f" start="1450108715103" dump="1450108716276"/><sessioninfo id="Priyas-MacBook-Pro-2.local-e2d89b81" start="1450108882080" dump="1450108883321"/><sessioninfo id="Priyas-MacBook-Pro-2.local-4d5f8515" start="1450109419106" dump="1450109420308"/><sessioninfo id="Priyas-MacBook-Pro-2.local-79fd8ced" start="1450109796459" dump="1450109797662"/><sessioninfo id="Priyas-MacBook-Pro-2.local-aab70799" start="1450110149537" dump="1450110150413"/><sessioninfo id="Priyas-MacBook-Pro-2.local-20ce5a6c" start="1450110834620" dump="1450110835855"/><sessioninfo id="Priyas-MacBook-Pro-2.local-cbf08389" start="1450111047028" dump="1450111048208"/><sessioninfo id="Priyas-MacBook-Pro-2.local-fa790527" start="1450111181838" dump="1450111182980"/><sessioninfo id="Priyas-MacBook-Pro-2.local-dcd48e74" start="1450113285954" dump="1450113287162"/><sessioninfo id="Priyas-MacBook-Pro-2.local-3bd96a66" start="1450113424806" dump="1450113425927"/><sessioninfo id="Priyas-MacBook-Pro-2.local-d92b5b67" start="1450113514327" dump="1450113515210"/><sessioninfo id="Priyas-MacBook-Pro-2.local-dfad3c37" start="1450113598539" dump="1450113599763"/><sessioninfo id="Priyas-MacBook-Pro-2.local-f55d2bbb" start="1450113642008" dump="1450113642996"/><sessioninfo id="Priyas-MacBook-Pro-2.local-505546a9" start="1450113670520" dump="1450113671398"/><sessioninfo id="Priyas-MacBook-Pro-2.local-a05c2274" start="1450172413053" dump="1450172414554"/><sessioninfo id="Priyas-MacBook-Pro-2.local-90d28d43" start="1450176115972" dump="1450176117230"/><sessioninfo id="Priyas-MacBook-Pro-2.local-a3ab99bd" start="1450176166457" dump="1450176167346"/><sessioninfo id="Priyas-MacBook-Pro-2.local-a46e3163" start="1450176210133" dump="1450176211039"/><sessioninfo id="Priyas-MacBook-Pro-2.local-e298b614" start="1450176790814" dump="1450176791965"/><sessioninfo id="Priyas-MacBook-Pro-2.local-183067c4" start="1450177752836" dump="1450177754081"/><sessioninfo id="Priyas-MacBook-Pro-2.local-abb09326" start="1450177832221" dump="1450177833130"/><sessioninfo id="Priyas-MacBook-Pro-2.local-f79db4f6" start="1450178004573" dump="1450178005823"/><sessioninfo id="Priyas-MacBook-Pro-2.local-32cc8d3" start="1450178234500" dump="1450178235679"/><sessioninfo id="Priyas-MacBook-Pro-2.local-9ac9589f" start="1450178262267" dump="1450178263166"/><sessioninfo id="Priyas-MacBook-Pro-2.local-a691a1ac" start="1450178406632" dump="1450178407799"/><sessioninfo id="Priyas-MacBook-Pro-2.local-77a3d3db" start="1450178838907" dump="1450178840144"/><sessioninfo id="Priyas-MacBook-Pro-2.local-69670ee" start="1450178867720" dump="1450178868614"/><sessioninfo id="Priyas-MacBook-Pro-2.local-4dfd8e3" start="1450186192624" dump="1450186193749"/><sessioninfo id="Priyas-MacBook-Pro-2.local-aa9ccb31" start="1450186355233" dump="1450186356435"/><sessioninfo id="Priyas-MacBook-Pro-2.local-c986af0f" start="1450186430980" dump="1450186431858"/><sessioninfo id="Priyas-MacBook-Pro-2.local-c182150c" start="1450186463694" dump="1450186464568"/><sessioninfo id="Priyas-MacBook-Pro-2.local-25a4bffd" start="1450186489967" dump="1450186490841"/><sessioninfo id="Priyas-MacBook-Pro-2.local-342d1c18" start="1450187324759" dump="1450187325946"/><sessioninfo id="Priyas-MacBook-Pro-2.local-2388f626" start="1450189098021" dump="1450189099238"/><sessioninfo id="Priyas-MacBook-Pro-2.local-dbbc982c" start="1450264273189" dump="1450264274414"/><sessioninfo id="Priyas-MacBook-Pro-2.local-652d15de" start="1450264487394" dump="1450264488576"/><sessioninfo id="Priyas-MacBook-Pro-2.local-3f03f892" start="1450264541214" dump="1450264542116"/><sessioninfo id="Priyas-MacBook-Pro-2.local-ded6cc63" start="1450264584044" dump="1450264584912"/><sessioninfo id="Priyas-MacBook-Pro-2.local-30716a99" start="1450264627401" dump="1450264628604"/><sessioninfo id="Priyas-MacBook-Pro-2.local-82f0399a" start="1450264647733" dump="1450264648625"/><sessioninfo id="Priyas-MacBook-Pro-2.local-2b922073" start="1450264668895" dump="1450264669776"/><sessioninfo id="Priyas-MacBook-Pro-2.local-834c7a70" start="1450264827808" dump="1450264828989"/><sessioninfo id="Priyas-MacBook-Pro-2.local-b98cf969" start="1450265031379" dump="1450265032604"/><sessioninfo id="Priyas-MacBook-Pro-2.local-2dd5b7c3" start="1450265066299" dump="1450265067185"/><sessioninfo id="Priyas-MacBook-Pro-2.local-426c4c4e" start="1450265281831" dump="1450265283047"/><sessioninfo id="Priyas-MacBook-Pro-2.local-95ccf742" start="1450265322927" dump="1450265323807"/><sessioninfo id="Priyas-MacBook-Pro-2.local-9586750c" start="1450265408509" dump="1450265409668"/><sessioninfo id="Priyas-MacBook-Pro-2.local-ffb8aa" start="1450265432834" dump="1450265433705"/><sessioninfo id="Priyas-MacBook-Pro-2.local-3f0b795b" start="1450265564817" dump="1450265566013"/><sessioninfo id="Priyas-MacBook-Pro-2.local-1d7e6689" start="1450265611634" dump="1450265612499"/><sessioninfo id="Priyas-MacBook-Pro-2.local-d6b81109" start="1450273870263" dump="1450273871446"/><sessioninfo id="Priyas-MacBook-Pro-2.local-7bca2b61" start="1450274788705" dump="1450274789948"/><sessioninfo id="Priyas-MacBook-Pro-2.local-c2d46c55" start="1450274893763" dump="1450274894633"/><sessioninfo id="Priyas-MacBook-Pro-2.local-e94d279d" start="1450275070503" dump="1450275071689"/><sessioninfo id="Priyas-MacBook-Pro-2.local-8844a052" start="1450275529494" dump="1450275530642"/><sessioninfo id="Priyas-MacBook-Pro-2.local-15979e17" start="1450275784720" dump="1450275785879"/><sessioninfo id="Priyas-MacBook-Pro-2.local-73e2a3b" start="1450275824211" dump="1450275825081"/><sessioninfo id="Priyas-MacBook-Pro-2.local-2ed886f1" start="1450276354788" dump="1450276356062"/><sessioninfo id="Priyas-MacBook-Pro-2.local-9948022a" start="1450276396712" dump="1450276397587"/><sessioninfo id="Priyas-MacBook-Pro-2.local-863fefeb" start="1450276650000" dump="1450276651218"/><sessioninfo id="Priyas-MacBook-Pro-2.local-aa6e0cb0" start="1450276709554" dump="1450276710449"/><sessioninfo id="Priyas-MacBook-Pro-2.local-91463b03" start="1450276748445" dump="1450276749306"/><sessioninfo id="Priyas-MacBook-Pro-2.local-d9451218" start="1450276819342" dump="1450276820208"/><sessioninfo id="Priyas-MacBook-Pro-2.local-dabf58fc" start="1450280007952" dump="1450280009157"/><sessioninfo id="Priyas-MacBook-Pro-2.local-4fd5d6a5" start="1450280369014" dump="1450280370251"/><sessioninfo id="Priyas-MacBook-Pro-2.local-265a425a" start="1450280403772" dump="1450280404656"/><sessioninfo id="Priyas-MacBook-Pro-2.local-eca7382" start="1450280681595" dump="1450280682726"/><sessioninfo id="Priyas-MacBook-Pro-2.local-e83cf7df" start="1450280734946" dump="1450280735905"/><sessioninfo id="Priyas-MacBook-Pro-2.local-3b55352e" start="1450280908651" dump="1450280909779"/><package name="ttt"><class name="ttt/DisplayBoard"><method name="&lt;init&gt;" desc="(Ljava/util/List;)V" line="7"><counter type="INSTRUCTION" missed="0" covered="9"/><counter type="LINE" missed="0" covered="4"/><counter type="COMPLEXITY" missed="0" covered="1"/><counter type="METHOD" missed="0" covered="1"/></method><method name="showBoard" desc="()Ljava/lang/String;" line="14"><counter type="INSTRUCTION" missed="0" covered="48"/><counter type="BRANCH" missed="0" covered="4"/><counter type="LINE" missed="0" covered="5"/><counter type="COMPLEXITY" missed="0" covered="3"/><counter type="METHOD" missed="0" covered="1"/></method><method name="clearScreen" desc="()V" line="25"><counter type="INSTRUCTION" missed="0" covered="8"/><counter type="LINE" missed="0" covered="4"/><counter type="COMPLEXITY" missed="0" covered="1"/><counter type="METHOD" missed="0" covered="1"/></method><counter type="INSTRUCTION" missed="0" covered="65"/><counter type="BRANCH" missed="0" covered="4"/><counter type="LINE" missed="0" covered="13"/><counter type="COMPLEXITY" missed="0" covered="5"/><counter type="METHOD" missed="0" covered="3"/><counter type="CLASS" missed="0" covered="1"/></class><class name="ttt/Player"><method name="&lt;init&gt;" desc="(Lttt/IO;Lttt/Board;)V" line="4"><counter type="INSTRUCTION" missed="0" covered="30"/><counter type="LINE" missed="0" covered="10"/><counter type="COMPLEXITY" missed="0" covered="1"/><counter type="METHOD" missed="0" covered="1"/></method><method name="takesUserInput" desc="()Ljava/lang/String;" line="19"><counter type="INSTRUCTION" missed="0" covered="4"/><counter type="LINE" missed="0" covered="1"/><counter type="COMPLEXITY" missed="0" covered="1"/><counter type="METHOD" missed="0" covered="1"/></method><method name="markBoard" desc="()V" line="23"><counter type="INSTRUCTION" missed="10" covered="22"/><counter type="BRANCH" missed="1" covered="1"/><counter type="LINE" missed="2" covered="6"/><counter type="COMPLEXITY" missed="1" covered="1"/><counter type="METHOD" missed="0" covered="1"/></method><method name="checkDigitInput" desc="()I" line="35"><counter type="INSTRUCTION" missed="0" covered="18"/><counter type="LINE" missed="0" covered="6"/><counter type="COMPLEXITY" missed="0" covered="1"/><counter type="METHOD" missed="0" covered="1"/></method><method name="switchPlayers" desc="()V" line="45"><counter type="INSTRUCTION" missed="0" covered="22"/><counter type="BRANCH" missed="1" covered="3"/><counter type="LINE" missed="0" covered="5"/><counter type="COMPLEXITY" missed="1" covered="2"/><counter type="METHOD" missed="0" covered="1"/></method><method name="getSymbol" desc="()Ljava/lang/String;" line="53"><counter type="INSTRUCTION" missed="0" covered="3"/><counter type="LINE" missed="0" covered="1"/><counter type="COMPLEXITY" missed="0" covered="1"/><counter type="METHOD" missed="0" covered="1"/></method><counter type="INSTRUCTION" missed="10" covered="99"/><counter type="BRANCH" missed="2" covered="4"/><counter type="LINE" missed="2" covered="29"/><counter type="COMPLEXITY" missed="2" covered="7"/><counter type="METHOD" missed="0" covered="6"/><counter type="CLASS" missed="0" covered="1"/></class><class name="ttt/App"><method name="&lt;init&gt;" desc="()V" line="6"><counter type="INSTRUCTION" missed="3" covered="0"/><counter type="LINE" missed="1" covered="0"/><counter type="COMPLEXITY" missed="1" covered="0"/><counter type="METHOD" missed="1" covered="0"/></method><method name="main" desc="([Ljava/lang/String;)V" line="9"><counter type="INSTRUCTION" missed="68" covered="0"/><counter type="LINE" missed="8" covered="0"/><counter type="COMPLEXITY" missed="1" covered="0"/><counter type="METHOD" missed="1" covered="0"/></method><counter type="INSTRUCTION" missed="71" covered="0"/><counter type="LINE" missed="9" covered="0"/><counter type="COMPLEXITY" missed="2" covered="0"/><counter type="METHOD" missed="2" covered="0"/><counter type="CLASS" missed="1" covered="0"/></class><class name="ttt/Game"><method name="&lt;init&gt;" desc="(Lttt/Board;Lttt/IO;)V" line="7"><counter type="INSTRUCTION" missed="0" covered="72"/><counter type="LINE" missed="0" covered="10"/><counter type="COMPLEXITY" missed="0" covered="1"/><counter type="METHOD" missed="0" covered="1"/></method><method name="gameLoop" desc="()V" line="44"><counter type="INSTRUCTION" missed="0" covered="68"/><counter type="BRANCH" missed="1" covered="3"/><counter type="LINE" missed="0" covered="10"/><counter type="COMPLEXITY" missed="1" covered="2"/><counter type="METHOD" missed="0" covered="1"/></method><method name="checkForWin" desc="()Z" line="56"><counter type="INSTRUCTION" missed="0" covered="36"/><counter type="BRANCH" missed="3" covered="9"/><counter type="LINE" missed="0" covered="5"/><counter type="COMPLEXITY" missed="3" covered="4"/><counter type="METHOD" missed="0" covered="1"/></method><method name="isWinningRow" desc="(Ljava/lang/String;)Z" line="66"><counter type="INSTRUCTION" missed="0" covered="71"/><counter type="BRANCH" missed="3" covered="15"/><counter type="LINE" missed="0" covered="7"/><counter type="COMPLEXITY" missed="3" covered="7"/><counter type="METHOD" missed="0" covered="1"/></method><method name="isWinningColumn" desc="(Ljava/lang/String;)Z" line="79"><counter type="INSTRUCTION" missed="0" covered="71"/><counter type="BRANCH" missed="1" covered="17"/><counter type="LINE" missed="0" covered="7"/><counter type="COMPLEXITY" missed="1" covered="9"/><counter type="METHOD" missed="0" covered="1"/></method><method name="isWinningDiagonal" desc="(Ljava/lang/String;)Z" line="93"><counter type="INSTRUCTION" missed="0" covered="48"/><counter type="BRANCH" missed="2" covered="10"/><counter type="LINE" missed="0" covered="5"/><counter type="COMPLEXITY" missed="2" covered="5"/><counter type="METHOD" missed="0" covered="1"/></method><counter type="INSTRUCTION" missed="0" covered="366"/><counter type="BRANCH" missed="10" covered="54"/><counter type="LINE" missed="0" covered="44"/><counter type="COMPLEXITY" missed="10" covered="28"/><counter type="METHOD" missed="0" covered="6"/><counter type="CLASS" missed="0" covered="1"/></class><class name="ttt/Board"><method name="&lt;init&gt;" desc="(Ljava/util/List;)V" line="8"><counter type="INSTRUCTION" missed="0" covered="15"/><counter type="LINE" missed="0" covered="6"/><counter type="COMPLEXITY" missed="0" covered="1"/><counter type="METHOD" missed="0" covered="1"/></method><method name="markPlayer" desc="(ILjava/lang/String;)Ljava/util/List;" line="17"><counter type="INSTRUCTION" missed="0" covered="9"/><counter type="LINE" missed="0" covered="2"/><counter type="COMPLEXITY" missed="0" covered="1"/><counter type="METHOD" missed="0" covered="1"/></method><method name="getCurrentBoard" desc="()Ljava/util/List;" line="22"><counter type="INSTRUCTION" missed="0" covered="3"/><counter type="LINE" missed="0" covered="1"/><counter type="COMPLEXITY" missed="0" covered="1"/><counter type="METHOD" missed="0" covered="1"/></method><method name="get" desc="(I)Ljava/lang/String;" line="26"><counter type="INSTRUCTION" missed="0" covered="6"/><counter type="LINE" missed="0" covered="1"/><counter type="COMPLEXITY" missed="0" covered="1"/><counter type="METHOD" missed="0" covered="1"/></method><method name="isValid" desc="(I)Z" line="30"><counter type="INSTRUCTION" missed="0" covered="6"/><counter type="LINE" missed="0" covered="1"/><counter type="COMPLEXITY" missed="0" covered="1"/><counter type="METHOD" missed="0" covered="1"/></method><method name="validMoves" desc="()Ljava/util/List;" line="34"><counter type="INSTRUCTION" missed="0" covered="29"/><counter type="BRANCH" missed="0" covered="4"/><counter type="LINE" missed="0" covered="5"/><counter type="COMPLEXITY" missed="0" covered="3"/><counter type="METHOD" missed="0" covered="1"/></method><counter type="INSTRUCTION" missed="0" covered="68"/><counter type="BRANCH" missed="0" covered="4"/><counter type="LINE" missed="0" covered="16"/><counter type="COMPLEXITY" missed="0" covered="8"/><counter type="METHOD" missed="0" covered="6"/><counter type="CLASS" missed="0" covered="1"/></class><class name="ttt/ConsoleIO"><method name="&lt;init&gt;" desc="(Ljava/io/InputStream;Ljava/io/PrintStream;)V" line="14"><counter type="INSTRUCTION" missed="0" covered="15"/><counter type="LINE" missed="0" covered="4"/><counter type="COMPLEXITY" missed="0" covered="1"/><counter type="METHOD" missed="0" covered="1"/></method><method name="takeInput" desc="()Ljava/lang/String;" line="22"><counter type="INSTRUCTION" missed="6" covered="4"/><counter type="LINE" missed="2" covered="1"/><counter type="COMPLEXITY" missed="0" covered="1"/><counter type="METHOD" missed="0" covered="1"/></method><method name="showOutput" desc="(Ljava/lang/String;)Ljava/lang/String;" line="30"><counter type="INSTRUCTION" missed="0" covered="6"/><counter type="LINE" missed="0" covered="2"/><counter type="COMPLEXITY" missed="0" covered="1"/><counter type="METHOD" missed="0" covered="1"/></method><counter type="INSTRUCTION" missed="6" covered="25"/><counter type="LINE" missed="2" covered="7"/><counter type="COMPLEXITY" missed="0" covered="3"/><counter type="METHOD" missed="0" covered="3"/><counter type="CLASS" missed="0" covered="1"/></class><class name="ttt/Game$Symbol"><method name="values" desc="()[Lttt/Game$Symbol;" line="16"><counter type="INSTRUCTION" missed="4" covered="0"/><counter type="LINE" missed="1" covered="0"/><counter type="COMPLEXITY" missed="1" covered="0"/><counter type="METHOD" missed="1" covered="0"/></method><method name="valueOf" desc="(Ljava/lang/String;)Lttt/Game$Symbol;" line="16"><counter type="INSTRUCTION" missed="5" covered="0"/><counter type="LINE" missed="1" covered="0"/><counter type="COMPLEXITY" missed="1" covered="0"/><counter type="METHOD" missed="1" covered="0"/></method><method name="&lt;init&gt;" desc="(Ljava/lang/String;ILjava/lang/String;)V" line="22"><counter type="INSTRUCTION" missed="0" covered="8"/><counter type="LINE" missed="0" covered="3"/><counter type="COMPLEXITY" missed="0" covered="1"/><counter type="METHOD" missed="0" covered="1"/></method><method name="getSymbol" desc="()Ljava/lang/String;" line="27"><counter type="INSTRUCTION" missed="0" covered="3"/><counter type="LINE" missed="0" covered="1"/><counter type="COMPLEXITY" missed="0" covered="1"/><counter type="METHOD" missed="0" covered="1"/></method><method name="&lt;clinit&gt;" desc="()V" line="16"><counter type="INSTRUCTION" missed="0" covered="26"/><counter type="LINE" missed="0" covered="3"/><counter type="COMPLEXITY" missed="0" covered="1"/><counter type="METHOD" missed="0" covered="1"/></method><counter type="INSTRUCTION" missed="9" covered="37"/><counter type="LINE" missed="0" covered="7"/><counter type="COMPLEXITY" missed="2" covered="3"/><counter type="METHOD" missed="2" covered="3"/><counter type="CLASS" missed="0" covered="1"/></class><sourcefile name="ConsoleIO.java"><line nr="14" mi="0" ci="2" mb="0" cb="0"/><line nr="15" mi="0" ci="9" mb="0" cb="0"/><line nr="16" mi="0" ci="3" mb="0" cb="0"/><line nr="17" mi="0" ci="1" mb="0" cb="0"/><line nr="22" mi="0" ci="4" mb="0" cb="0"/><line nr="23" mi="1" ci="0" mb="0" cb="0"/><line nr="24" mi="5" ci="0" mb="0" cb="0"/><line nr="30" mi="0" ci="4" mb="0" cb="0"/><line nr="31" mi="0" ci="2" mb="0" cb="0"/><counter type="INSTRUCTION" missed="6" covered="25"/><counter type="LINE" missed="2" covered="7"/><counter type="COMPLEXITY" missed="0" covered="3"/><counter type="METHOD" missed="0" covered="3"/><counter type="CLASS" missed="0" covered="1"/></sourcefile><sourcefile name="Game.java"><line nr="7" mi="0" ci="3" mb="0" cb="0"/><line nr="16" mi="9" ci="12" mb="0" cb="0"/><line nr="17" mi="0" ci="7" mb="0" cb="0"/><line nr="18" mi="0" ci="7" mb="0" cb="0"/><line nr="22" mi="0" ci="4" mb="0" cb="0"/><line nr="23" mi="0" ci="3" mb="0" cb="0"/><line nr="24" mi="0" ci="1" mb="0" cb="0"/><line nr="27" mi="0" ci="3" mb="0" cb="0"/><line nr="31" mi="0" ci="2" mb="0" cb="0"/><line nr="32" mi="0" ci="2" mb="0" cb="0"/><line nr="33" mi="0" ci="41" mb="0" cb="0"/><line nr="36" mi="0" ci="5" mb="0" cb="0"/><line nr="37" mi="0" ci="5" mb="0" cb="0"/><line nr="38" mi="0" ci="3" mb="0" cb="0"/><line nr="39" mi="0" ci="3" mb="0" cb="0"/><line nr="40" mi="0" ci="7" mb="0" cb="0"/><line nr="41" mi="0" ci="1" mb="0" cb="0"/><line nr="44" mi="0" ci="7" mb="1" cb="3"/><line nr="45" mi="0" ci="16" mb="0" cb="0"/><line nr="46" mi="0" ci="3" mb="0" cb="0"/><line nr="47" mi="0" ci="7" mb="0" cb="0"/><line nr="48" mi="0" ci="6" mb="0" cb="0"/><line nr="49" mi="0" ci="6" mb="0" cb="0"/><line nr="50" mi="0" ci="1" mb="0" cb="0"/><line nr="51" mi="0" ci="16" mb="0" cb="0"/><line nr="52" mi="0" ci="5" mb="0" cb="0"/><line nr="53" mi="0" ci="1" mb="0" cb="0"/><line nr="56" mi="0" ci="15" mb="1" cb="5"/><line nr="57" mi="0" ci="2" mb="0" cb="0"/><line nr="59" mi="0" ci="15" mb="2" cb="4"/><line nr="60" mi="0" ci="2" mb="0" cb="0"/><line nr="62" mi="0" ci="2" mb="0" cb="0"/><line nr="66" mi="0" ci="21" mb="1" cb="5"/><line nr="67" mi="0" ci="2" mb="0" cb="0"/><line nr="69" mi="0" ci="21" mb="1" cb="5"/><line nr="70" mi="0" ci="2" mb="0" cb="0"/><line nr="72" mi="0" ci="21" mb="1" cb="5"/><line nr="73" mi="0" ci="2" mb="0" cb="0"/><line nr="75" mi="0" ci="2" mb="0" cb="0"/><line nr="79" mi="0" ci="21" mb="0" cb="6"/><line nr="80" mi="0" ci="2" mb="0" cb="0"/><line nr="82" mi="0" ci="21" mb="1" cb="5"/><line nr="83" mi="0" ci="2" mb="0" cb="0"/><line nr="85" mi="0" ci="21" mb="0" cb="6"/><line nr="86" mi="0" ci="2" mb="0" cb="0"/><line nr="88" mi="0" ci="2" mb="0" cb="0"/><line nr="93" mi="0" ci="21" mb="1" cb="5"/><line nr="94" mi="0" ci="2" mb="0" cb="0"/><line nr="96" mi="0" ci="21" mb="1" cb="5"/><line nr="97" mi="0" ci="2" mb="0" cb="0"/><line nr="99" mi="0" ci="2" mb="0" cb="0"/><counter type="INSTRUCTION" missed="9" covered="403"/><counter type="BRANCH" missed="10" covered="54"/><counter type="LINE" missed="0" covered="51"/><counter type="COMPLEXITY" missed="12" covered="31"/><counter type="METHOD" missed="2" covered="9"/><counter type="CLASS" missed="0" covered="2"/></sourcefile><sourcefile name="Board.java"><line nr="8" mi="0" ci="3" mb="0" cb="0"/><line nr="9" mi="0" ci="3" mb="0" cb="0"/><line nr="10" mi="0" ci="3" mb="0" cb="0"/><line nr="12" mi="0" ci="2" mb="0" cb="0"/><line nr="13" mi="0" ci="3" mb="0" cb="0"/><line nr="14" mi="0" ci="1" mb="0" cb="0"/><line nr="17" mi="0" ci="6" mb="0" cb="0"/><line nr="18" mi="0" ci="3" mb="0" cb="0"/><line nr="22" mi="0" ci="3" mb="0" cb="0"/><line nr="26" mi="0" ci="6" mb="0" cb="0"/><line nr="30" mi="0" ci="6" mb="0" cb="0"/><line nr="34" mi="0" ci="4" mb="0" cb="0"/><line nr="35" mi="0" ci="9" mb="0" cb="2"/><line nr="36" mi="0" ci="9" mb="0" cb="2"/><line nr="37" mi="0" ci="5" mb="0" cb="0"/><line nr="40" mi="0" ci="2" mb="0" cb="0"/><counter type="INSTRUCTION" missed="0" covered="68"/><counter type="BRANCH" missed="0" covered="4"/><counter type="LINE" missed="0" covered="16"/><counter type="COMPLEXITY" missed="0" covered="8"/><counter type="METHOD" missed="0" covered="6"/><counter type="CLASS" missed="0" covered="1"/></sourcefile><sourcefile name="Player.java"><line nr="4" mi="0" ci="3" mb="0" cb="0"/><line nr="5" mi="0" ci="3" mb="0" cb="0"/><line nr="6" mi="0" ci="4" mb="0" cb="0"/><line nr="7" mi="0" ci="3" mb="0" cb="0"/><line nr="11" mi="0" ci="2" mb="0" cb="0"/><line nr="12" mi="0" ci="4" mb="0" cb="0"/><line nr="13" mi="0" ci="3" mb="0" cb="0"/><line nr="14" mi="0" ci="3" mb="0" cb="0"/><line nr="15" mi="0" ci="4" mb="0" cb="0"/><line nr="16" mi="0" ci="1" mb="0" cb="0"/><line nr="19" mi="0" ci="4" mb="0" cb="0"/><line nr="23" mi="0" ci="3" mb="0" cb="0"/><line nr="24" mi="0" ci="5" mb="1" cb="1"/><line nr="25" mi="5" ci="0" mb="0" cb="0"/><line nr="26" mi="5" ci="0" mb="0" cb="0"/><line nr="28" mi="0" ci="7" mb="0" cb="0"/><line nr="29" mi="0" ci="4" mb="0" cb="0"/><line nr="30" mi="0" ci="2" mb="0" cb="0"/><line nr="31" mi="0" ci="1" mb="0" cb="0"/><line nr="35" mi="0" ci="4" mb="0" cb="0"/><line nr="36" mi="0" ci="2" mb="0" cb="0"/><line nr="37" mi="0" ci="1" mb="0" cb="0"/><line nr="38" mi="0" ci="5" mb="0" cb="0"/><line nr="39" mi="0" ci="4" mb="0" cb="0"/><line nr="40" mi="0" ci="2" mb="0" cb="0"/><line nr="45" mi="0" ci="6" mb="0" cb="2"/><line nr="46" mi="0" ci="5" mb="0" cb="0"/><line nr="47" mi="0" ci="6" mb="1" cb="1"/><line nr="48" mi="0" ci="4" mb="0" cb="0"/><line nr="50" mi="0" ci="1" mb="0" cb="0"/><line nr="53" mi="0" ci="3" mb="0" cb="0"/><counter type="INSTRUCTION" missed="10" covered="99"/><counter type="BRANCH" missed="2" covered="4"/><counter type="LINE" missed="2" covered="29"/><counter type="COMPLEXITY" missed="2" covered="7"/><counter type="METHOD" missed="0" covered="6"/><counter type="CLASS" missed="0" covered="1"/></sourcefile><sourcefile name="App.java"><line nr="6" mi="3" ci="0" mb="0" cb="0"/><line nr="9" mi="2" ci="0" mb="0" cb="0"/><line nr="10" mi="40" ci="0" mb="0" cb="0"/><line nr="13" mi="5" ci="0" mb="0" cb="0"/><line nr="14" mi="6" ci="0" mb="0" cb="0"/><line nr="15" mi="6" ci="0" mb="0" cb="0"/><line nr="16" mi="6" ci="0" mb="0" cb="0"/><line nr="17" mi="2" ci="0" mb="0" cb="0"/><line nr="18" mi="1" ci="0" mb="0" cb="0"/><counter type="INSTRUCTION" missed="71" covered="0"/><counter type="LINE" missed="9" covered="0"/><counter type="COMPLEXITY" missed="2" covered="0"/><counter type="METHOD" missed="2" covered="0"/><counter type="CLASS" missed="1" covered="0"/></sourcefile><sourcefile name="DisplayBoard.java"><line nr="7" mi="0" ci="3" mb="0" cb="0"/><line nr="9" mi="0" ci="2" mb="0" cb="0"/><line nr="10" mi="0" ci="3" mb="0" cb="0"/><line nr="11" mi="0" ci="1" mb="0" cb="0"/><line nr="14" mi="0" ci="9" mb="0" cb="2"/><line nr="15" mi="0" ci="19" mb="0" cb="0"/><line nr="16" mi="0" ci="6" mb="0" cb="2"/><line nr="17" mi="0" ci="11" mb="0" cb="0"/><line nr="21" mi="0" ci="3" mb="0" cb="0"/><line nr="25" mi="0" ci="2" mb="0" cb="0"/><line nr="26" mi="0" ci="3" mb="0" cb="0"/><line nr="27" mi="0" ci="2" mb="0" cb="0"/><line nr="28" mi="0" ci="1" mb="0" cb="0"/><counter type="INSTRUCTION" missed="0" covered="65"/><counter type="BRANCH" missed="0" covered="4"/><counter type="LINE" missed="0" covered="13"/><counter type="COMPLEXITY" missed="0" covered="5"/><counter type="METHOD" missed="0" covered="3"/><counter type="CLASS" missed="0" covered="1"/></sourcefile><counter type="INSTRUCTION" missed="96" covered="660"/><counter type="BRANCH" missed="12" covered="66"/><counter type="LINE" missed="13" covered="116"/><counter type="COMPLEXITY" missed="16" covered="54"/><counter type="METHOD" missed="4" covered="27"/><counter type="CLASS" missed="1" covered="6"/></package><counter type="INSTRUCTION" missed="96" covered="660"/><counter type="BRANCH" missed="12" covered="66"/><counter type="LINE" missed="13" covered="116"/><counter type="COMPLEXITY" missed="16" covered="54"/><counter type="METHOD" missed="4" covered="27"/><counter type="CLASS" missed="1" covered="6"/></report>